<?xml version="1.0" encoding="UTF-8"?>
<testng-results ignored="0" total="2" passed="2" failed="0" skipped="0">
  <reporter-output>
  </reporter-output>
  <suite started-at="2023-02-06T19:07:01 SGT" name="Default suite" finished-at="2023-02-06T19:07:18 SGT" duration-ms="17037">
    <groups>
    </groups>
    <test started-at="2023-02-06T19:07:01 SGT" name="Default test" finished-at="2023-02-06T19:07:18 SGT" duration-ms="17037">
      <class name="opencarte2etests.AddItemToCart">
        <test-method is-config="true" signature="initializeMethod()[pri:0, instance:opencarte2etests.AddItemToCart@3e11f9e9]" started-at="2023-02-06T19:07:01 SGT" name="initializeMethod" finished-at="2023-02-06T19:07:10 SGT" duration-ms="9460" status="PASS">
          <reporter-output>
          </reporter-output>
        </test-method> <!-- initializeMethod -->
        <test-method signature="addItemCart()[pri:0, instance:opencarte2etests.AddItemToCart@3e11f9e9]" started-at="2023-02-06T19:07:10 SGT" name="addItemCart" finished-at="2023-02-06T19:07:12 SGT" duration-ms="2260" status="PASS">
          <reporter-output>
          </reporter-output>
        </test-method> <!-- addItemCart -->
        <test-method signature="wishList()[pri:0, instance:opencarte2etests.AddItemToCart@3e11f9e9]" started-at="2023-02-06T19:07:12 SGT" name="wishList" finished-at="2023-02-06T19:07:17 SGT" depends-on-methods="opencarte2etests.AddItemToCart.addItemCart" duration-ms="4874" status="PASS">
          <reporter-output>
          </reporter-output>
        </test-method> <!-- wishList -->
        <test-method is-config="true" signature="closeBrowser()[pri:0, instance:opencarte2etests.AddItemToCart@3e11f9e9]" started-at="2023-02-06T19:07:17 SGT" name="closeBrowser" finished-at="2023-02-06T19:07:18 SGT" duration-ms="371" status="PASS">
          <reporter-output>
          </reporter-output>
        </test-method> <!-- closeBrowser -->
      </class> <!-- opencarte2etests.AddItemToCart -->
    </test> <!-- Default test -->
  </suite> <!-- Default suite -->
</testng-results>
